[0725/010029.703:ERROR:process_reader_win.cc(151)] SuspendThread: Access is denied. (0x5)
[0725/010029.703:ERROR:process_reader_win.cc(151)] SuspendThread: Access is denied. (0x5)
[0725/010029.704:ERROR:process_reader_win.cc(151)] SuspendThread: Access is denied. (0x5)
[0725/010029.704:ERROR:process_reader_win.cc(151)] SuspendThread: Access is denied. (0x5)
[0725/010029.704:ERROR:process_reader_win.cc(151)] SuspendThread: Access is denied. (0x5)
[0725/010029.704:ERROR:process_reader_win.cc(151)] SuspendThread: Access is denied. (0x5)
[0725/010029.704:ERROR:process_reader_win.cc(151)] SuspendThread: Access is denied. (0x5)
[0725/010029.704:ERROR:process_reader_win.cc(151)] SuspendThread: Access is denied. (0x5)
[0725/010029.704:ERROR:process_reader_win.cc(151)] SuspendThread: Access is denied. (0x5)
[0725/010029.708:ERROR:process_reader_win.cc(123)] NtOpenThread: {Access Denied} A process has requested access to an object, but has not been granted those access rights. (0xc0000022)
[0725/010029.692:ERROR:process_reader_win.cc(123)] NtOpenThread: {Access Denied} A process has requested access to an object, but has not been granted those access rights. (0xc0000022)
[0725/010029.704:ERROR:process_reader_win.cc(123)] NtOpenThread: {Access Denied} A process has requested access to an object, but has not been granted those access rights. (0xc0000022)
[0725/010029.715:ERROR:exception_snapshot_win.cc(98)] thread ID 2224 not found in process
[0725/010029.715:ERROR:exception_snapshot_win.cc(98)] thread ID 9644 not found in process
[0725/010029.715:ERROR:exception_snapshot_win.cc(98)] thread ID 9548 not found in process
[0725/010029.718:ERROR:process_reader_win.cc(123)] NtOpenThread: {Access Denied} A process has requested access to an object, but has not been granted those access rights. (0xc0000022)
[0725/010029.718:ERROR:exception_snapshot_win.cc(98)] thread ID 2468 not found in process
[0725/010029.729:ERROR:process_reader_win.cc(123)] NtOpenThread: {Access Denied} A process has requested access to an object, but has not been granted those access rights. (0xc0000022)
[0725/010029.729:ERROR:exception_snapshot_win.cc(98)] thread ID 3944 not found in process
[0725/010029.735:ERROR:process_reader_win.cc(123)] NtOpenThread: {Access Denied} A process has requested access to an object, but has not been granted those access rights. (0xc0000022)
[0725/010029.735:ERROR:exception_snapshot_win.cc(98)] thread ID 5392 not found in process
[0725/010029.738:ERROR:process_reader_win.cc(123)] NtOpenThread: {Access Denied} A process has requested access to an object, but has not been granted those access rights. (0xc0000022)
[0725/010029.738:ERROR:process_reader_win.cc(123)] NtOpenThread: {Access Denied} A process has requested access to an object, but has not been granted those access rights. (0xc0000022)
[0725/010029.745:ERROR:exception_snapshot_win.cc(98)] thread ID 1484 not found in process
[0725/010029.745:ERROR:exception_snapshot_win.cc(98)] thread ID 3772 not found in process
[0725/010029.751:ERROR:process_reader_win.cc(123)] NtOpenThread: {Access Denied} A process has requested access to an object, but has not been granted those access rights. (0xc0000022)
[0725/010029.751:ERROR:exception_snapshot_win.cc(98)] thread ID 3180 not found in process
[0725/010029.771:ERROR:process_reader_win.cc(123)] NtOpenThread: {Access Denied} A process has requested access to an object, but has not been granted those access rights. (0xc0000022)
[0725/010029.771:ERROR:exception_snapshot_win.cc(98)] thread ID 9340 not found in process
[0826/233219.456:ERROR:process_reader_win.cc(127)] NtOpenThread: {Access Denied} A process has requested access to an object, but has not been granted those access rights. (0xc0000022)
[0826/233219.459:ERROR:exception_snapshot_win.cc(99)] thread ID 4104 not found in process
[0826/233219.487:ERROR:process_reader_win.cc(155)] SuspendThread: Access is denied. (0x5)
[0826/233219.487:ERROR:process_reader_win.cc(155)] SuspendThread: Access is denied. (0x5)
[0826/233219.487:ERROR:process_reader_win.cc(155)] SuspendThread: Access is denied. (0x5)
[0826/233219.487:ERROR:process_reader_win.cc(155)] SuspendThread: Access is denied. (0x5)
[0826/233219.487:ERROR:process_reader_win.cc(155)] SuspendThread: Access is denied. (0x5)
[0826/233219.488:ERROR:process_reader_win.cc(155)] SuspendThread: Access is denied. (0x5)
[0826/233219.488:ERROR:process_reader_win.cc(155)] SuspendThread: Access is denied. (0x5)
[0826/233219.488:ERROR:process_reader_win.cc(155)] SuspendThread: Access is denied. (0x5)
[0826/233219.488:ERROR:process_reader_win.cc(155)] SuspendThread: Access is denied. (0x5)
[0826/233219.488:ERROR:process_reader_win.cc(155)] SuspendThread: Access is denied. (0x5)
[0826/233219.488:ERROR:process_reader_win.cc(155)] SuspendThread: Access is denied. (0x5)
[0826/233219.488:ERROR:process_reader_win.cc(155)] SuspendThread: Access is denied. (0x5)
[0826/233219.488:ERROR:process_reader_win.cc(155)] SuspendThread: Access is denied. (0x5)
[0826/233219.488:ERROR:process_reader_win.cc(155)] SuspendThread: Access is denied. (0x5)
[0826/233219.488:ERROR:process_reader_win.cc(155)] SuspendThread: Access is denied. (0x5)
[0826/233219.488:ERROR:process_reader_win.cc(127)] NtOpenThread: {Access Denied} A process has requested access to an object, but has not been granted those access rights. (0xc0000022)
[0826/233219.488:ERROR:exception_snapshot_win.cc(99)] thread ID 15424 not found in process
[0826/233219.503:ERROR:process_reader_win.cc(155)] SuspendThread: Access is denied. (0x5)
[0826/233219.503:ERROR:process_reader_win.cc(155)] SuspendThread: Access is denied. (0x5)
[0826/233219.503:ERROR:process_reader_win.cc(155)] SuspendThread: Access is denied. (0x5)
[0826/233219.503:ERROR:process_reader_win.cc(155)] SuspendThread: Access is denied. (0x5)
[0826/233219.503:ERROR:process_reader_win.cc(155)] SuspendThread: Access is denied. (0x5)
[0826/233219.503:ERROR:process_reader_win.cc(155)] SuspendThread: Access is denied. (0x5)
[0826/233219.503:ERROR:process_reader_win.cc(155)] SuspendThread: Access is denied. (0x5)
[0826/233219.503:ERROR:process_reader_win.cc(155)] SuspendThread: Access is denied. (0x5)
[0826/233219.503:ERROR:process_reader_win.cc(155)] SuspendThread: Access is denied. (0x5)
[0826/233219.503:ERROR:process_reader_win.cc(155)] SuspendThread: Access is denied. (0x5)
[0826/233219.503:ERROR:process_reader_win.cc(155)] SuspendThread: Access is denied. (0x5)
[0826/233219.503:ERROR:process_reader_win.cc(155)] SuspendThread: Access is denied. (0x5)
[0826/233219.503:ERROR:process_reader_win.cc(155)] SuspendThread: Access is denied. (0x5)
[0826/233219.503:ERROR:process_reader_win.cc(155)] SuspendThread: Access is denied. (0x5)
[0826/233219.504:ERROR:process_reader_win.cc(155)] SuspendThread: Access is denied. (0x5)
[0826/233219.504:ERROR:process_reader_win.cc(127)] NtOpenThread: {Access Denied} A process has requested access to an object, but has not been granted those access rights. (0xc0000022)
[0826/233219.504:ERROR:exception_snapshot_win.cc(99)] thread ID 21860 not found in process
[0826/233219.507:ERROR:process_reader_win.cc(155)] SuspendThread: Access is denied. (0x5)
[0826/233219.507:ERROR:process_reader_win.cc(155)] SuspendThread: Access is denied. (0x5)
[0826/233219.507:ERROR:process_reader_win.cc(155)] SuspendThread: Access is denied. (0x5)
[0826/233219.507:ERROR:process_reader_win.cc(155)] SuspendThread: Access is denied. (0x5)
[0826/233219.507:ERROR:process_reader_win.cc(155)] SuspendThread: Access is denied. (0x5)
[0826/233219.507:ERROR:process_reader_win.cc(155)] SuspendThread: Access is denied. (0x5)
[0826/233219.507:ERROR:process_reader_win.cc(155)] SuspendThread: Access is denied. (0x5)
[0826/233219.507:ERROR:process_reader_win.cc(155)] SuspendThread: Access is denied. (0x5)
[0826/233219.507:ERROR:process_reader_win.cc(155)] SuspendThread: Access is denied. (0x5)
[0826/233219.507:ERROR:process_reader_win.cc(155)] SuspendThread: Access is denied. (0x5)
[0826/233219.507:ERROR:process_reader_win.cc(155)] SuspendThread: Access is denied. (0x5)
[0826/233219.507:ERROR:process_reader_win.cc(155)] SuspendThread: Access is denied. (0x5)
[0826/233219.507:ERROR:process_reader_win.cc(155)] SuspendThread: Access is denied. (0x5)
[0826/233219.507:ERROR:process_reader_win.cc(155)] SuspendThread: Access is denied. (0x5)
[0826/233219.507:ERROR:process_reader_win.cc(155)] SuspendThread: Access is denied. (0x5)
[0826/233219.507:ERROR:process_reader_win.cc(127)] NtOpenThread: {Access Denied} A process has requested access to an object, but has not been granted those access rights. (0xc0000022)
[0826/233219.507:ERROR:exception_snapshot_win.cc(99)] thread ID 15576 not found in process
[0826/233219.592:ERROR:process_reader_win.cc(155)] SuspendThread: Access is denied. (0x5)
[0826/233219.592:ERROR:process_reader_win.cc(155)] SuspendThread: Access is denied. (0x5)
[0826/233219.592:ERROR:process_reader_win.cc(155)] SuspendThread: Access is denied. (0x5)
[0826/233219.592:ERROR:process_reader_win.cc(155)] SuspendThread: Access is denied. (0x5)
[0826/233219.592:ERROR:process_reader_win.cc(155)] SuspendThread: Access is denied. (0x5)
[0826/233219.592:ERROR:process_reader_win.cc(155)] SuspendThread: Access is denied. (0x5)
[0826/233219.592:ERROR:process_reader_win.cc(155)] SuspendThread: Access is denied. (0x5)
[0826/233219.592:ERROR:process_reader_win.cc(155)] SuspendThread: Access is denied. (0x5)
[0826/233219.592:ERROR:process_reader_win.cc(155)] SuspendThread: Access is denied. (0x5)
[0826/233219.592:ERROR:process_reader_win.cc(155)] SuspendThread: Access is denied. (0x5)
[0826/233219.592:ERROR:process_reader_win.cc(155)] SuspendThread: Access is denied. (0x5)
[0826/233219.592:ERROR:process_reader_win.cc(155)] SuspendThread: Access is denied. (0x5)
[0826/233219.592:ERROR:process_reader_win.cc(155)] SuspendThread: Access is denied. (0x5)
[0826/233219.592:ERROR:process_reader_win.cc(155)] SuspendThread: Access is denied. (0x5)
[0826/233219.592:ERROR:process_reader_win.cc(155)] SuspendThread: Access is denied. (0x5)
[0826/233219.592:ERROR:process_reader_win.cc(127)] NtOpenThread: {Access Denied} A process has requested access to an object, but has not been granted those access rights. (0xc0000022)
[0826/233219.592:ERROR:exception_snapshot_win.cc(99)] thread ID 21492 not found in process
[0826/233219.612:ERROR:process_reader_win.cc(155)] SuspendThread: Access is denied. (0x5)
[0826/233219.612:ERROR:process_reader_win.cc(155)] SuspendThread: Access is denied. (0x5)
[0826/233219.612:ERROR:process_reader_win.cc(155)] SuspendThread: Access is denied. (0x5)
[0826/233219.613:ERROR:process_reader_win.cc(155)] SuspendThread: Access is denied. (0x5)
[0826/233219.613:ERROR:process_reader_win.cc(155)] SuspendThread: Access is denied. (0x5)
[0826/233219.613:ERROR:process_reader_win.cc(155)] SuspendThread: Access is denied. (0x5)
[0826/233219.613:ERROR:process_reader_win.cc(155)] SuspendThread: Access is denied. (0x5)
[0826/233219.613:ERROR:process_reader_win.cc(155)] SuspendThread: Access is denied. (0x5)
[0826/233219.613:ERROR:process_reader_win.cc(155)] SuspendThread: Access is denied. (0x5)
[0826/233219.613:ERROR:process_reader_win.cc(155)] SuspendThread: Access is denied. (0x5)
[0826/233219.613:ERROR:process_reader_win.cc(155)] SuspendThread: Access is denied. (0x5)
[0826/233219.613:ERROR:process_reader_win.cc(155)] SuspendThread: Access is denied. (0x5)
[0826/233219.613:ERROR:process_reader_win.cc(155)] SuspendThread: Access is denied. (0x5)
[0826/233219.613:ERROR:process_reader_win.cc(155)] SuspendThread: Access is denied. (0x5)
[0826/233219.613:ERROR:process_reader_win.cc(155)] SuspendThread: Access is denied. (0x5)
[0826/233219.613:ERROR:process_reader_win.cc(155)] SuspendThread: Access is denied. (0x5)
[0826/233219.613:ERROR:process_reader_win.cc(155)] SuspendThread: Access is denied. (0x5)
[0826/233219.613:ERROR:process_reader_win.cc(155)] SuspendThread: Access is denied. (0x5)
[0826/233219.613:ERROR:process_reader_win.cc(127)] NtOpenThread: {Access Denied} A process has requested access to an object, but has not been granted those access rights. (0xc0000022)
[0826/233219.613:ERROR:exception_snapshot_win.cc(99)] thread ID 14096 not found in process
[0826/233219.829:ERROR:process_reader_win.cc(155)] SuspendThread: Access is denied. (0x5)
[0826/233219.830:ERROR:process_reader_win.cc(155)] SuspendThread: Access is denied. (0x5)
[0826/233219.830:ERROR:process_reader_win.cc(127)] NtOpenThread: {Access Denied} A process has requested access to an object, but has not been granted those access rights. (0xc0000022)
[0826/233219.835:ERROR:exception_snapshot_win.cc(99)] thread ID 9072 not found in process
[0826/233219.849:ERROR:process_reader_win.cc(155)] SuspendThread: Access is denied. (0x5)
[0826/233219.849:ERROR:process_reader_win.cc(155)] SuspendThread: Access is denied. (0x5)
[0826/233219.849:ERROR:process_reader_win.cc(127)] NtOpenThread: {Access Denied} A process has requested access to an object, but has not been granted those access rights. (0xc0000022)
[0826/233219.849:ERROR:exception_snapshot_win.cc(99)] thread ID 15864 not found in process
[1010/123957.421:ERROR:settings.cc(430)] Settings version is not 5
[1010/124957.438:ERROR:filesystem_win.cc(129)] GetFileAttributes C:\Users\lanki\AppData\Local\Microsoft\Edge\User Data\Crashpad\attachments\2f0830dd-3572-4480-8580-b7e2451e358d: The system cannot find the path specified. (0x3)
[1010/124957.442:ERROR:filesystem_win.cc(129)] GetFileAttributes C:\Users\lanki\AppData\Local\Microsoft\Edge\User Data\Crashpad\attachments\3c9b8974-077d-4bb8-8dcd-e8398951f168: The system cannot find the path specified. (0x3)
[1010/124957.467:ERROR:filesystem_win.cc(129)] GetFileAttributes C:\Users\lanki\AppData\Local\Microsoft\Edge\User Data\Crashpad\attachments\9d255e3a-1840-40d7-b357-fda66d30458f: The system cannot find the path specified. (0x3)
[1010/124957.502:ERROR:filesystem_win.cc(129)] GetFileAttributes C:\Users\lanki\AppData\Local\Microsoft\Edge\User Data\Crashpad\attachments\fe600cf6-434c-484a-8f29-fbb420182cbd: The system cannot find the path specified. (0x3)
[1010/124957.502:ERROR:directory_reader_win.cc(43)] FindFirstFile: The system cannot find the path specified. (0x3)
